C51 COMPILER V9.54   BUZZER                                                                12/17/2024 20:27:56 PAGE 1   


C51 COMPILER V9.54, COMPILATION OF MODULE BUZZER
OBJECT MODULE PLACED IN .\Objects\Buzzer.obj
COMPILER INVOKED BY: D:\Keil_v5\C51\BIN\C51.EXE Source\Buzzer.c OMF2 OPTIMIZE(8,SPEED) BROWSE INCDIR(.\TouchKey) DEBUG P
                    -RINT(.\Listings\Buzzer.lst) OBJECT(.\Objects\Buzzer.obj)

line level    source

   1          #include <SH79F3212.h>
   2          
   3          #include "NTC.h"
   4          #include "Buzzer.h"
   5          
   6          unsigned char   Buzzer_State = 0;                       // 蜂鸣器分为三种状态:开始，蜂鸣，间隔
   7          unsigned int    Buzzer_IntervalCount = 0;       // 用于蜂鸣器空隔时间计时
   8          unsigned int    Buzzer_DurationCount = 0;       // 用于蜂鸣器持续时间计时
   9          unsigned char   Buzzer_Count = 0;                       // 记录蜂鸣器响的次数
  10          
  11          // 蜂鸣器预设值
  12          unsigned char   Buzzer_Times = 0;
  13          unsigned int    Buzzer_Interval = 0;
  14          unsigned int    Buzzer_Duration = 0;
  15          
  16          /**
  17            * @Brief      蜂鸣函数
  18            * @Param  Buzzer_Times:蜂鸣次数
  19                                  Interval:间隔时间,单位ms
  20                                  Duration:蜂鸣时间,单位ms
  21            * @Note   时基:20ms
  22            * @RetVal     None
  23            */
  24          void Buzzer(unsigned char beep_times,unsigned int interval,unsigned int duration)
  25          {
  26   1              if(Buzzer_State == 0 && Buzzer_Count < beep_times) // 如果还没开始并且蜂鸣次数没到
  27   1              {
  28   2                      Buzzer_State = 1;
  29   2              }
  30   1              else if(Buzzer_State == 1)      // 蜂鸣状态
  31   1              {       
  32   2                      P3CR |= 0x08;
  33   2                      Buzzer_DurationCount ++;
  34   2                      if(Buzzer_DurationCount >= (duration / 20 - 1)) // 蜂鸣时间结束
  35   2                      {
  36   3                              Buzzer_DurationCount = 0;
  37   3                              Buzzer_State = 2;
  38   3                              P3CR &= 0xf7;
  39   3                      }
  40   2              }
  41   1              else if(Buzzer_State == 2)      // 间隔状态
  42   1              {
  43   2                      Buzzer_IntervalCount ++;
  44   2                      if(Buzzer_IntervalCount >=  (interval / 20 - 1))        // 间隔时间结束
  45   2                      {
  46   3                              Buzzer_IntervalCount = 0;
  47   3                              Buzzer_Count ++;        // 记录蜂鸣次数
  48   3                              if(Buzzer_Count < beep_times)   Buzzer_State = 1;       //      蜂鸣次数没完毕
  49   3                              else 
  50   3                              {
  51   4                                      Buzzer_State = 0;       // 蜂鸣次数完毕
  52   4                              }
  53   3                      }
  54   2              }
C51 COMPILER V9.54   BUZZER                                                                12/17/2024 20:27:56 PAGE 2   

  55   1      }
  56          
  57          /**
  58            * @Brief      蜂鸣器函数刷新参数
  59            * @Param  Buzzer_Times:蜂鸣次数
  60                                  interval:间隔时间
  61                                  duration:发声时间
  62            * @Note   None
  63            * @RetVal     None
  64            */
  65          void BuzzerSet(unsigned char beep_times,unsigned int interval,unsigned int duration)
  66          {
  67   1              Buzzer_Count = 0;
  68   1              Buzzer_State = 0;
  69   1              Buzzer_DurationCount = 0;
  70   1              Buzzer_IntervalCount = 0;
  71   1              
  72   1              Buzzer_Times = beep_times;
  73   1              Buzzer_Duration = duration;
  74   1              Buzzer_Interval = interval;
  75   1      }


MODULE INFORMATION:   STATIC OVERLAYABLE
   CODE SIZE        =    163    ----
   CONSTANT SIZE    =   ----    ----
   XDATA SIZE       =   ----    ----
   PDATA SIZE       =   ----    ----
   DATA SIZE        =     11       1
   IDATA SIZE       =   ----    ----
   BIT SIZE         =   ----    ----
   EDATA SIZE       =   ----    ----
   HDATA SIZE       =   ----    ----
   XDATA CONST SIZE =   ----    ----
   FAR CONST SIZE   =   ----    ----
END OF MODULE INFORMATION.


C51 COMPILATION COMPLETE.  0 WARNING(S),  0 ERROR(S)
