C51 COMPILER V9.54   KEY                                                                   12/20/2024 09:37:12 PAGE 1   


C51 COMPILER V9.54, COMPILATION OF MODULE KEY
OBJECT MODULE PLACED IN .\Objects\Key.obj
COMPILER INVOKED BY: D:\Keil_v5\C51\BIN\C51.EXE Source\Key.c OMF2 OPTIMIZE(8,SPEED) BROWSE INCDIR(.\TouchKey) DEBUG PRIN
                    -T(.\Listings\Key.lst) OBJECT(.\Objects\Key.obj)

line level    source

   1          #include <SH79F3212.h>
   2          
   3          #include "Key.h"
   4          #include "Buzzer.h"
   5          #include "tk.h"
   6          
   7          unsigned char Delay_Cnt = 0;            //      消抖计时
   8          unsigned int KeyValue = 0;                      //      键值
   9          unsigned char KeyCount = 0;             //      按键按下时间计数
  10          unsigned char LongKey_Flag = 0; //      长按短按标志位
  11          unsigned int Last_KeyValue = 0; //      一个扫描周期内的旧键值
  12          unsigned int Last_KeyCode = 0;          //      一个完整按键动作的旧键值
  13          
  14          /**
  15            * @Brief      判断键值
  16            * @Param  Key_Read:检测到的键值
  17            * @Note   None
  18            * @RetVal     None
  19            */
  20          void Get_KeyValue(unsigned int Key_Read)
  21          {
  22   1              KeyValue = 0;
  23   1              
  24   1              if(Key_Read & 0x01)     KeyValue |= 0x01;       //      K1
  25   1              if(Key_Read & 0x02)     KeyValue |= 0x02;       //      K2
  26   1              if(Key_Read & 0x04)     KeyValue |= 0x04;       //      K3
  27   1      }
  28          
  29          /**
  30            * @Brief      键值处理
  31            * @Param  None
  32            * @Note   None
  33            * @RetVal     None
  34            */
  35          void Key_Handle()
  36          {
  37   1              if(KeyValue && !Last_KeyValue)  //      扫描到按键按下并且是新按键
  38   1              {
  39   2                      KeyCount = 0;
  40   2                      Last_KeyValue = KeyValue;
  41   2              }
  42   1              else if(KeyValue == Last_KeyValue)      //      扫描到按键继续按下
  43   1              {
  44   2                      if(KeyCount < 254) KeyCount ++; //      20ms+1
  45   2              }
  46   1              else if(!KeyValue)      //      扫描到按键松开
  47   1              {
  48   2                      KeyCount = 0;
  49   2                      if(Last_KeyValue)//     上一次有键值就判断为第一次松开
  50   2                      {
  51   3                              Last_KeyCode = Last_KeyValue;   //      保存上次松开时键值
  52   3                              Last_KeyValue = 0;
  53   3                      }
  54   2              }
C51 COMPILER V9.54   KEY                                                                   12/20/2024 09:37:12 PAGE 2   

  55   1      }


MODULE INFORMATION:   STATIC OVERLAYABLE
   CODE SIZE        =     94    ----
   CONSTANT SIZE    =   ----    ----
   XDATA SIZE       =   ----    ----
   PDATA SIZE       =   ----    ----
   DATA SIZE        =      9    ----
   IDATA SIZE       =   ----    ----
   BIT SIZE         =   ----    ----
   EDATA SIZE       =   ----    ----
   HDATA SIZE       =   ----    ----
   XDATA CONST SIZE =   ----    ----
   FAR CONST SIZE   =   ----    ----
END OF MODULE INFORMATION.


C51 COMPILATION COMPLETE.  0 WARNING(S),  0 ERROR(S)
