C51 COMPILER V9.54   LED                                                                   12/20/2024 09:37:13 PAGE 1   


C51 COMPILER V9.54, COMPILATION OF MODULE LED
OBJECT MODULE PLACED IN .\Objects\LED.obj
COMPILER INVOKED BY: D:\Keil_v5\C51\BIN\C51.EXE Source\LED.c OMF2 OPTIMIZE(8,SPEED) BROWSE INCDIR(.\TouchKey) DEBUG PRIN
                    -T(.\Listings\LED.lst) OBJECT(.\Objects\LED.obj)

line level    source

   1          #include <SH79F3212.h>
   2          
   3          #include "LED.h"
   4          #include "Digital.h"
   5          
   6          unsigned int    LED_Count = 0;  // 闪烁计数
   7          unsigned char   LED_State = 0;
   8          unsigned int    LED_Value = 0;
   9          
  10          /**
  11            * @Brief      LED显示函数
  12            * @Param  State:三个显示状态：熄灭、闪烁、全亮
  13                                  Value:LED数组选择
  14                                  Time:闪烁时间
  15            * @Note   和数码管分时，需要/2
  16            * @RetVal     None
  17            */
  18          void Led_Display(unsigned char State,unsigned int Value)
  19          {
  20   1              COM0 = 1;
  21   1              COM1 = 1;
  22   1              COM2 = 1;
  23   1              COM3 = 1;
  24   1              
  25   1              LED2 = Value & 0x01 ? 1 : 0;
  26   1              LED3 = Value & 0x02 ? 1 : 0;
  27   1              LED4 = Value & 0x04 ? 1 : 0;
  28   1              LED5 = Value & 0x08 ? 1 : 0;
  29   1              LED6 = Value & 0x10 ? 1 : 0;
  30   1              LED7 = Value & 0x20 ? 1 : 0;
  31   1              
  32   1              if(!State)      COM0 = 1;
  33   1              else if(State == 1)
  34   1              {
  35   2                      LED_Count ++;
  36   2                      if(LED_Count >= 4000) LED_Count = 0;
  37   2                              
  38   2                      if(LED_Count <= 2000) COM0 = 0;
  39   2                      else if(LED_Count > 2000) COM0 = 1;
  40   2              }
  41   1              else if(State == 2)     COM0 = 0;
  42   1      }
  43          
  44          /**
  45            * @Brief      LED显示设置函数
  46            * @Param  State:三个显示状态：熄灭、闪烁、全亮
  47                                  Value:LED数组选择
  48                                  Time:闪烁时间
  49            * @Note   None
  50            * @RetVal     None
  51            */
  52          void LedSet(unsigned char State,unsigned int Value)
  53          {
  54   1              LED_Count = 0;
C51 COMPILER V9.54   LED                                                                   12/20/2024 09:37:13 PAGE 2   

  55   1              
  56   1              LED_State = State;
  57   1              LED_Value = Value;
  58   1      }


MODULE INFORMATION:   STATIC OVERLAYABLE
   CODE SIZE        =    133    ----
   CONSTANT SIZE    =   ----    ----
   XDATA SIZE       =   ----    ----
   PDATA SIZE       =   ----    ----
   DATA SIZE        =      5    ----
   IDATA SIZE       =   ----    ----
   BIT SIZE         =   ----    ----
   EDATA SIZE       =   ----    ----
   HDATA SIZE       =   ----    ----
   XDATA CONST SIZE =   ----    ----
   FAR CONST SIZE   =   ----    ----
END OF MODULE INFORMATION.


C51 COMPILATION COMPLETE.  0 WARNING(S),  0 ERROR(S)
