C51 COMPILER V9.54   TRIAC                                                                 12/17/2024 10:44:24 PAGE 1   


C51 COMPILER V9.54, COMPILATION OF MODULE TRIAC
OBJECT MODULE PLACED IN .\Objects\Triac.obj
COMPILER INVOKED BY: D:\Keil_v5\C51\BIN\C51.EXE Source\Triac.c OMF2 OPTIMIZE(8,SPEED) BROWSE INCDIR(.\TouchKey) DEBUG PR
                    -INT(.\Listings\Triac.lst) OBJECT(.\Objects\Triac.obj)

line level    source

   1          #include <SH79F3212.h>
   2          
   3          #include "Triac.h"
   4          
   5          unsigned int Triac_Count = 0;
   6          unsigned char Cycles = 0;
   7          unsigned int Edge_Count = 0;
   8          
   9          //      预设值
  10          unsigned char On_Time = 0;
  11          unsigned char Off_Time = 0;
  12          unsigned char Skip_Cycles = 0;
  13          unsigned char Total_Cycles = 0;
  14          
  15          /**
  16            * @Brief      可控硅丢波输出
  17            * @Param  On_Time:可控硅开启时间
  18                                  Off_Time:可控硅关闭时间
  19                                  Skip_Cycles:Total_Cycles中跳过的周期
  20                                  Total_Cycles:分段的总周期
  21                                  Time:运行的时间
  22            * @Note       None
  23            * @RetVal     None
  24            */
  25          void Triac_SkipCycles(unsigned char On_Time,unsigned char Off_Time,
  26                  unsigned char Skip_Cycles, unsigned char Total_Cycles)
  27          {
  28   1              unsigned char Temp = On_Time + Off_Time;
  29   1              
  30   1              if(Cycles >= Total_Cycles * 2) Cycles = 0;
  31   1              else if(Cycles < Total_Cycles * 2)
  32   1              {
  33   2                      Triac_Count ++;
  34   2                      if(Triac_Count >= Temp * 8 - 1)
  35   2                      {
  36   3                              Triac_Count = 0;
  37   3                              Cycles ++;      //      周期计数+1
  38   3                      }
  39   2              
  40   2                      if(Triac_Count < On_Time * 8 - 1)
  41   2                      {
  42   3                              if(Cycles < Total_Cycles * 2 - Skip_Cycles * 2) SCR = 1;
  43   3                              else SCR = 0;
  44   3                      }
  45   2                      else if(Triac_Count < Temp * 8 - 1)     SCR = 0;
  46   2              }
  47   1      }
  48          
  49          /**
  50            * @Brief      可控硅输出控制函数
  51            * @Param  参数含义同上
  52            * @Note   None
  53            * @RetVal     None
  54            */
C51 COMPILER V9.54   TRIAC                                                                 12/17/2024 10:44:24 PAGE 2   

  55          void TriacSet(unsigned char OnTime,unsigned char OffTime,
  56                  unsigned char SkipCycles, unsigned char TotalCycles)
  57          {
  58   1              Triac_Count = 0;
  59   1              Cycles = 0;
  60   1              Edge_Count = 0;
  61   1              
  62   1              On_Time = OnTime;
  63   1              Off_Time = OffTime;
  64   1              Skip_Cycles = SkipCycles;
  65   1              Total_Cycles = TotalCycles;
  66   1      }


MODULE INFORMATION:   STATIC OVERLAYABLE
   CODE SIZE        =    174    ----
   CONSTANT SIZE    =   ----    ----
   XDATA SIZE       =   ----    ----
   PDATA SIZE       =   ----    ----
   DATA SIZE        =      9       8
   IDATA SIZE       =   ----    ----
   BIT SIZE         =   ----    ----
   EDATA SIZE       =   ----    ----
   HDATA SIZE       =   ----    ----
   XDATA CONST SIZE =   ----    ----
   FAR CONST SIZE   =   ----    ----
END OF MODULE INFORMATION.


C51 COMPILATION COMPLETE.  0 WARNING(S),  0 ERROR(S)
